<?xml version="1.0" encoding="UTF-8"?>
<!-- Generated by org.testng.reporters.JUnitReportReporter -->
<testsuite hostname="Sahids-MacBook-Pro.local" name="TestRunner" tests="1" failures="0" timestamp="24 Jul 2019 12:17:47 GMT" time="54.485" errors="0">
  <testcase name="feature" time="54.485" classname="TestRunner"/>
</testsuite>
